Info: CustomCategory:openup_treebrowser: 39 mini seconds publishing element
Info: CustomCategory:introduction_to_openup: 97 mini seconds publishing element
Info: CustomCategory:core_principles_category: 11 mini seconds publishing element
Info: Concept:core_principle_balance: 19 mini seconds publishing element
Info: Concept:core_principle_collaborate: 15 mini seconds publishing element
Info: Concept:core_principle_focus: 15 mini seconds publishing element
Info: Concept:core_principle_evolve: 17 mini seconds publishing element
Info: SupportingMaterial:minimal_complete_extensible: 16 mini seconds publishing element
Info: Concept:iteration_lifecycle: 28 mini seconds publishing element
Info: Concept:micro_increments: 14 mini seconds publishing element
Info: Concept:project_lifecycle: 27 mini seconds publishing element
Info: SupportingMaterial:openup_family: 20 mini seconds publishing element
Info: SupportingMaterial:who_should_use_openup: 18 mini seconds publishing element
Info: CustomCategory:getting_started_with_openup: 17 mini seconds publishing element
Info: Roadmap:openup_roadmap: 38 mini seconds publishing element
Info: SupportingMaterial:resources_for_modifying_methods: 15 mini seconds publishing element
Info: SupportingMaterial:resources_for_contributing_to_openup: 12 mini seconds publishing element
Info: DisciplineGrouping:openup_disciplines: 19 mini seconds publishing element
Info: Discipline:requirements: 29 mini seconds publishing element
Info: CapabilityPattern:identify_and_refine_requirements: 154 mini seconds publishing element
Info: CapabilityPattern:identify_and_refine_requirements: 11 mini seconds publishing process specific layout data
Info: CapabilityPattern:initiate_project: 86 mini seconds publishing element
Info: CapabilityPattern:initiate_project: 7 mini seconds publishing process specific layout data
Info: CapabilityPattern:ongoing_tasks: 73 mini seconds publishing element
Info: CapabilityPattern:ongoing_tasks: 4 mini seconds publishing process specific layout data
Info: Task:definir_vision: 37 mini seconds publishing element
Info: Task:detail_requirements: 59 mini seconds publishing element
Info: Task:find_and_outline_requirements: 50 mini seconds publishing element
Info: Concept:actor: 30 mini seconds publishing element
Info: Guideline:detail_ucs_and_scenarios: 38 mini seconds publishing element
Info: Guideline:effective_req_reviews: 20 mini seconds publishing element
Info: Guideline:find_and_outline_actors_and_ucs: 19 mini seconds publishing element
Info: Checklist:good_requirements: 29 mini seconds publishing element
Info: Concept:requirement_attributes: 16 mini seconds publishing element
Info: Guideline:requirement_pitfalls: 18 mini seconds publishing element
Info: Concept:requirements: 24 mini seconds publishing element
Info: Guideline:req_gathering_techniques: 24 mini seconds publishing element
Info: Checklist:supporting_requirements: 23 mini seconds publishing element
Info: Concept:supporting_requirements: 18 mini seconds publishing element
Info: Guideline:supporting_requirements: 23 mini seconds publishing element
Info: Concept:traceability: 13 mini seconds publishing element
Info: Checklist:use_case: 25 mini seconds publishing element
Info: Concept:use_case: 51 mini seconds publishing element
Info: Guideline:use_case_formats: 21 mini seconds publishing element
Info: Checklist:uc_model: 30 mini seconds publishing element
Info: Concept:use_case_model: 33 mini seconds publishing element
Info: Guideline:uc_model: 34 mini seconds publishing element
Info: Checklist:vision: 19 mini seconds publishing element
Info: Guideline:writing_good_requirements: 17 mini seconds publishing element
Info: Discipline:architecture: 19 mini seconds publishing element
Info: CapabilityPattern:agree_technical_approach: 85 mini seconds publishing element
Info: CapabilityPattern:agree_technical_approach: 6 mini seconds publishing process specific layout data
Info: CapabilityPattern:develop_architecture: 261 mini seconds publishing element
Info: CapabilityPattern:develop_architecture: 191 mini seconds publishing process specific layout data
Info: Task:delinear_la_arquitectura: 39 mini seconds publishing element
Info: Task:redefinir_la_arquitectura: 37 mini seconds publishing element
Info: Guideline:abstract_away_complexity: 29 mini seconds publishing element
Info: Concept:arch_mech: 31 mini seconds publishing element
Info: Guideline:architectural_mechanisms: 43 mini seconds publishing element
Info: Guideline:architectural_view: 33 mini seconds publishing element
Info: Concept:architecturally_significant_requirements: 31 mini seconds publishing element
Info: Checklist:architecture_notebook: 18 mini seconds publishing element
Info: Concept:business_pattern: 14 mini seconds publishing element
Info: Concept:component: 18 mini seconds publishing element
Info: Guideline:determine_architecturally_significant_requirements: 15 mini seconds publishing element
Info: Guideline:develop_architecture: 16 mini seconds publishing element
Info: Guideline:entity_control_boundary_pattern: 24 mini seconds publishing element
Info: Concept:executable_architecture: 17 mini seconds publishing element
Info: Guideline:layering: 16 mini seconds publishing element
Info: Guideline:outline_the_architecture: 27 mini seconds publishing element
Info: Concept:pattern: 25 mini seconds publishing element
Info: Concept:software_architecture: 19 mini seconds publishing element
Info: Concept:visual_modeling: 31 mini seconds publishing element
Info: Discipline:development: 21 mini seconds publishing element
Info: CapabilityPattern:develop_solution: 196 mini seconds publishing element
Info: CapabilityPattern:develop_solution: 93 mini seconds publishing process specific layout data
Info: Task:implementar_pruebas: 35 mini seconds publishing element
Info: Task:implementar_solution: 28 mini seconds publishing element
Info: Task:correr_pruebas: 19 mini seconds publishing element
Info: Task:disenar_solucion: 40 mini seconds publishing element
Info: Guideline:analyze_the_design: 18 mini seconds publishing element
Info: Concept:coding_standard: 13 mini seconds publishing element
Info: Concept:continuous_integration: 13 mini seconds publishing element
Info: Guideline:continuous_integration: 16 mini seconds publishing element
Info: Checklist:design: 23 mini seconds publishing element
Info: Concept:design: 19 mini seconds publishing element
Info: Guideline:designing_visually: 49 mini seconds publishing element
Info: Concept:developer_testing: 12 mini seconds publishing element
Info: Guideline:evolve_the_design: 19 mini seconds publishing element
Info: Checklist:implementation: 11 mini seconds publishing element
Info: Guideline:promoting_changes: 11 mini seconds publishing element
Info: Concept:refactoring: 14 mini seconds publishing element
Info: Guideline:refactoring: 17 mini seconds publishing element
Info: Guideline:software_reuse: 14 mini seconds publishing element
Info: Concept:test_first_design: 10 mini seconds publishing element
Info: Guideline:test_first_design: 17 mini seconds publishing element
Info: Guideline:transforming_design_into_implementation: 10 mini seconds publishing element
Info: Guideline:uc_realizations: 24 mini seconds publishing element
Info: Discipline:test: 14 mini seconds publishing element
Info: CapabilityPattern:test_solution: 73 mini seconds publishing element
Info: CapabilityPattern:test_solution: 6 mini seconds publishing process specific layout data
Info: Task:crear_casos_de_prueba: 24 mini seconds publishing element
Info: Task:run_tests: 23 mini seconds publishing element
Info: Task:implement_test_scripts: 27 mini seconds publishing element
Info: Concept:failure_analysis_rpt_creation: 11 mini seconds publishing element
Info: Guideline:maintaining_automated_test_suite: 10 mini seconds publishing element
Info: Guideline:programming_automated_tests: 10 mini seconds publishing element
Info: Checklist:test_case: 11 mini seconds publishing element
Info: Checklist:test_script: 12 mini seconds publishing element
Info: Guideline:test_suite: 9 mini seconds publishing element
Info: Concept:types_of_test: 11 mini seconds publishing element
Info: Discipline:project_management: 15 mini seconds publishing element
Info: CapabilityPattern:plan_manage_iteration: 72 mini seconds publishing element
Info: CapabilityPattern:plan_manage_iteration: 7 mini seconds publishing process specific layout data
Info: Task:assess_results: 20 mini seconds publishing element
Info: Task:plan_the_project: 22 mini seconds publishing element
Info: Task:plan_iteration: 20 mini seconds publishing element
Info: Task:manage_iteration: 25 mini seconds publishing element
Info: Guideline:agile_estimation: 11 mini seconds publishing element
Info: Guideline:assign_changes_to_iteration: 9 mini seconds publishing element
Info: Guideline:conduct_retrospective: 11 mini seconds publishing element
Info: Guideline:daily_meetings: 9 mini seconds publishing element
Info: Guideline:deploying_the_solution: 10 mini seconds publishing element
Info: Checklist:iteration_plan: 11 mini seconds publishing element
Info: Guideline:iteration_planning: 12 mini seconds publishing element
Info: Guideline:risk_management: 12 mini seconds publishing element
Info: Concept:metrics: 9 mini seconds publishing element
Info: Concept:phase_milestones: 15 mini seconds publishing element
Info: Checklist:project_plan: 9 mini seconds publishing element
Info: Concept:retrospective: 11 mini seconds publishing element
Info: Concept:risk: 11 mini seconds publishing element
Info: Checklist:risk_list: 14 mini seconds publishing element
Info: Guideline:self_organize_work_assignments: 9 mini seconds publishing element
Info: Guideline:staffing_project: 8 mini seconds publishing element
Info: Checklist:work_items_list: 11 mini seconds publishing element
Info: Discipline:config_and_change_management: 12 mini seconds publishing element
Info: Task:request_change: 11 mini seconds publishing element
Info: Task:integrate_and_create_build: 19 mini seconds publishing element
Info: Concept:change_requests: 9 mini seconds publishing element
Info: Concept:change_set: 8 mini seconds publishing element
Info: Guideline:work_items_list: 17 mini seconds publishing element
Info: Guideline:submitting_change_requests: 8 mini seconds publishing element
Info: Concept:workspace: 8 mini seconds publishing element
Info: Domain:openup_wp: 13 mini seconds publishing element
Info: Domain:architecture: 8 mini seconds publishing element
Info: Artifact:architecture_notebook: 26 mini seconds publishing element
Info: Domain:development: 8 mini seconds publishing element
Info: Artifact:diseno: 28 mini seconds publishing element
Info: Artifact:build: 13 mini seconds publishing element
Info: Artifact:developer_test: 14 mini seconds publishing element
Info: Artifact:implementacion: 12 mini seconds publishing element
Info: Domain:project_management: 7 mini seconds publishing element
Info: Artifact:iteration_plan: 19 mini seconds publishing element
Info: Artifact:project_plan: 15 mini seconds publishing element
Info: Artifact:work_items_list: 26 mini seconds publishing element
Info: Artifact:risk_list: 15 mini seconds publishing element
Info: Domain:requirements: 8 mini seconds publishing element
Info: Artifact:supporting_requirements_spec: 24 mini seconds publishing element
Info: Artifact:vision: 18 mini seconds publishing element
Info: Artifact:use_case: 25 mini seconds publishing element
Info: Artifact:glossary: 18 mini seconds publishing element
Info: Artifact:uc_model: 23 mini seconds publishing element
Info: Domain:test: 7 mini seconds publishing element
Info: Artifact:casos_de_prueba: 14 mini seconds publishing element
Info: Artifact:test_log: 13 mini seconds publishing element
Info: Artifact:test_script: 12 mini seconds publishing element
Info: RoleSet:openup_roles: 28 mini seconds publishing element
Info: Role:architect: 70 mini seconds publishing element
Info: Role:project_manager: 56 mini seconds publishing element
Info: Role:analista: 52 mini seconds publishing element
Info: Role:tester: 47 mini seconds publishing element
Info: Role:rol_general: 35 mini seconds publishing element
Info: Role:desarrollador: 54 mini seconds publishing element
Info: Role:stakeholder: 30 mini seconds publishing element
Info: DeliveryProcess:openup_lifecycle: 225 mini seconds publishing element
Info: DeliveryProcess:openup_lifecycle: 843 mini seconds publishing process specific layout data
Info: Activity:inception_phase_iteration: 132 mini seconds publishing element
Info: Activity:initiate_project: 60 mini seconds publishing element
Info: Activity:manage_iteration: 66 mini seconds publishing element
Info: Activity:identify_and_refine_requirements: 179 mini seconds publishing element
Info: Activity:agree_technical_approach: 107 mini seconds publishing element
Info: Milestone:lifecycle_objectives: 16 mini seconds publishing element
Info: Activity:elaboration_phase_iteration: 210 mini seconds publishing element
Info: Activity:manage_iteration: 68 mini seconds publishing element
Info: Activity:identify_and_refine_requirements: 73 mini seconds publishing element
Info: Activity:develop_architecture: 109 mini seconds publishing element
Info: Activity:develop_solution: 148 mini seconds publishing element
Info: Activity:develop_solution: 325 mini seconds publishing element
Info: Activity:Test Solution: 114 mini seconds publishing element
Info: Activity:ongoing_tasks: 82 mini seconds publishing element
Info: Milestone:lifecycle_architecture: 9 mini seconds publishing element
Info: Activity:construction_phase_iteration: 189 mini seconds publishing element
Info: Activity:manage_iteration: 69 mini seconds publishing element
Info: Activity:identify_and_refine_requirements: 55 mini seconds publishing element
Info: Activity:develop_solution: 235 mini seconds publishing element
Info: Activity:test_solution: 63 mini seconds publishing element
Info: Activity:ongoing_tasks: 46 mini seconds publishing element
Info: Milestone:initial_operational_capability: 17 mini seconds publishing element
Info: Activity:transition_phase_iteration: 183 mini seconds publishing element
Info: Activity:manage_iteration: 75 mini seconds publishing element
Info: Activity:develop_solution: 163 mini seconds publishing element
Info: Activity:test_solution: 61 mini seconds publishing element
Info: Activity:ongoing_tasks: 47 mini seconds publishing element
Info: Milestone:product_release: 9 mini seconds publishing element
Info: Concept:construction_phase: 12 mini seconds publishing element
Info: Concept:elaboration_phase: 13 mini seconds publishing element
Info: Concept:inception_phase: 12 mini seconds publishing element
Info: Concept:transition_phase: 10 mini seconds publishing element
Info: SupportingMaterial:openup_copyright: 11 mini seconds publishing element
Info: CustomCategory:about: 10 mini seconds publishing element
Info: SupportingMaterial:about_openup: 13 mini seconds publishing element
Info: SupportingMaterial:about_base_concepts: 19 mini seconds publishing element
Info: Concept:iteration: 12 mini seconds publishing element
Info: Guideline:prioritizing_work_items: 15 mini seconds publishing element
Info: SupportingMaterial:references: 16 mini seconds publishing element
Info: Concept:phase: 9 mini seconds publishing element
Info: TermDefinition:role: 10 mini seconds publishing element
Info: TermDefinition:task: 7 mini seconds publishing element
Info: TermDefinition:artifact: 7 mini seconds publishing element
Info: CapabilityPattern:00_iteración_comienzo: 132 mini seconds publishing element
Info: CapabilityPattern:00_iteración_comienzo: 198 mini seconds publishing process specific layout data
Info: CapabilityPattern:01_iteración_fase_de_elaboración: 183 mini seconds publishing element
Info: CapabilityPattern:01_iteración_fase_de_elaboración: 570 mini seconds publishing process specific layout data
Info: CapabilityPattern:02_iteración_fase_de_construcción: 179 mini seconds publishing element
Info: CapabilityPattern:02_iteración_fase_de_construcción: 191 mini seconds publishing process specific layout data
Info: CapabilityPattern:transition_phase_iteration: 288 mini seconds publishing element
Info: CapabilityPattern:transition_phase_iteration: 167 mini seconds publishing process specific layout data
Info: TermDefinition:method_library: 8 mini seconds publishing element
Info: TermDefinition:method_plugin: 9 mini seconds publishing element
Info: TermDefinition:content_package: 7 mini seconds publishing element
Info: TermDefinition:process_package: 8 mini seconds publishing element
Info: TermDefinition:content_element: 11 mini seconds publishing element
Info: TermDefinition:work_product: 6 mini seconds publishing element
Info: TermDefinition:guidance: 8 mini seconds publishing element
Info: TermDefinition:capability_pattern: 7 mini seconds publishing element
Info: TermDefinition:delivery_process: 7 mini seconds publishing element
Info: TermDefinition:method_configuration: 7 mini seconds publishing element
Info: TermDefinition:custom_category: 7 mini seconds publishing element
Info: TermDefinition:discipline: 7 mini seconds publishing element
Info: TaskDescriptor:find_and_outline_requirements: 23 mini seconds publishing element
Info: TaskDescriptor:detail_requirements: 18 mini seconds publishing element
Info: TaskDescriptor:create_test_cases: 16 mini seconds publishing element
Info: RoleDescriptor:analyst: 15 mini seconds publishing element
Info: RoleDescriptor:architect: 8 mini seconds publishing element
Info: RoleDescriptor:developer: 10 mini seconds publishing element
Info: RoleDescriptor:stakeholder: 10 mini seconds publishing element
Info: RoleDescriptor:tester: 10 mini seconds publishing element
Info: WorkProductDescriptor:glossary: 16 mini seconds publishing element
Info: WorkProductDescriptor:iteration_plan: 12 mini seconds publishing element
Info: WorkProductDescriptor:supporting_requirements_spec: 12 mini seconds publishing element
Info: WorkProductDescriptor:test_case: 9 mini seconds publishing element
Info: WorkProductDescriptor:use_case: 12 mini seconds publishing element
Info: WorkProductDescriptor:uc_model: 12 mini seconds publishing element
Info: WorkProductDescriptor:vision: 9 mini seconds publishing element
Info: WorkProductDescriptor:work_items_list: 10 mini seconds publishing element
Info: TaskDescriptor:define_vision: 17 mini seconds publishing element
Info: TaskDescriptor:plan_the_project: 17 mini seconds publishing element
Info: RoleDescriptor:analyst: 19 mini seconds publishing element
Info: RoleDescriptor:architect: 17 mini seconds publishing element
Info: RoleDescriptor:developer: 9 mini seconds publishing element
Info: RoleDescriptor:project_manager: 12 mini seconds publishing element
Info: RoleDescriptor:stakeholder: 8 mini seconds publishing element
Info: RoleDescriptor:tester: 9 mini seconds publishing element
Info: WorkProductDescriptor:glossary: 9 mini seconds publishing element
Info: WorkProductDescriptor:project_plan: 11 mini seconds publishing element
Info: WorkProductDescriptor:risk_list: 10 mini seconds publishing element
Info: WorkProductDescriptor:vision: 10 mini seconds publishing element
Info: WorkProductDescriptor:work_items_list: 10 mini seconds publishing element
Info: TaskDescriptor:request_change: 11 mini seconds publishing element
Info: RoleDescriptor:any_role: 8 mini seconds publishing element
Info: WorkProductDescriptor:work_items_list: 9 mini seconds publishing element
Info: Artifact:caso_de_uso_evaluar_texto: 11 mini seconds publishing element
Info: Artifact:caso_de_uso_registro_de_usuarios: 14 mini seconds publishing element
Info: Checklist:actor: 14 mini seconds publishing element
Info: Example:use_case_spec: 21 mini seconds publishing element
Info: Template:uc_specification: 19 mini seconds publishing element
Info: Example:uc_model_evolve: 40 mini seconds publishing element
Info: TermDefinition:feature: 7 mini seconds publishing element
Info: CustomCategory:architectural_mechanisms: 12 mini seconds publishing element
Info: TaskDescriptor:outline_the_architecture: 16 mini seconds publishing element
Info: RoleDescriptor:analyst: 17 mini seconds publishing element
Info: RoleDescriptor:architect: 15 mini seconds publishing element
Info: RoleDescriptor:developer: 11 mini seconds publishing element
Info: RoleDescriptor:project_manager: 9 mini seconds publishing element
Info: RoleDescriptor:stakeholder: 8 mini seconds publishing element
Info: WorkProductDescriptor:architecture_notebook: 12 mini seconds publishing element
Info: WorkProductDescriptor:glossary: 10 mini seconds publishing element
Info: WorkProductDescriptor:supporting_requirements_spec: 9 mini seconds publishing element
Info: WorkProductDescriptor:use_case: 11 mini seconds publishing element
Info: WorkProductDescriptor:uc_model: 9 mini seconds publishing element
Info: WorkProductDescriptor:vision: 14 mini seconds publishing element
Info: TaskDescriptor:outline_the_architecture: 20 mini seconds publishing element
Info: TaskDescriptor:refine_the_architecture: 18 mini seconds publishing element
Info: TaskDescriptor:design_solution: 19 mini seconds publishing element
Info: TaskDescriptor:impl_developer_tests: 16 mini seconds publishing element
Info: TaskDescriptor:implement_solution: 18 mini seconds publishing element
Info: TaskDescriptor:run_developer_tests: 13 mini seconds publishing element
Info: TaskDescriptor:integrate_and_create_build: 14 mini seconds publishing element
Info: RoleDescriptor:analyst: 10 mini seconds publishing element
Info: RoleDescriptor:architect: 11 mini seconds publishing element
Info: RoleDescriptor:developer: 13 mini seconds publishing element
Info: RoleDescriptor:project_manager: 9 mini seconds publishing element
Info: RoleDescriptor:stakeholder: 9 mini seconds publishing element
Info: RoleDescriptor:tester: 9 mini seconds publishing element
Info: WorkProductDescriptor:architecture: 13 mini seconds publishing element
Info: WorkProductDescriptor:build: 9 mini seconds publishing element
Info: WorkProductDescriptor:design: 11 mini seconds publishing element
Info: WorkProductDescriptor:developer_test: 11 mini seconds publishing element
Info: WorkProductDescriptor:glossary: 10 mini seconds publishing element
Info: WorkProductDescriptor:implementation: 11 mini seconds publishing element
Info: WorkProductDescriptor:supporting_requirements_spec: 9 mini seconds publishing element
Info: WorkProductDescriptor:test_log: 14 mini seconds publishing element
Info: WorkProductDescriptor:test_script: 28 mini seconds publishing element
Info: WorkProductDescriptor:use_case: 40 mini seconds publishing element
Info: WorkProductDescriptor:uc_model: 14 mini seconds publishing element
Info: WorkProductDescriptor:vision: 12 mini seconds publishing element
Info: WorkProductDescriptor:work_items_list: 11 mini seconds publishing element
Info: Example:architectural_mechanisms: 11 mini seconds publishing element
Info: Example:architectural_mechanism_attributes: 9 mini seconds publishing element
Info: RoleDescriptor:analyst: 10 mini seconds publishing element
Info: RoleDescriptor:architect: 9 mini seconds publishing element
Info: RoleDescriptor:developer: 13 mini seconds publishing element
Info: RoleDescriptor:stakeholder: 10 mini seconds publishing element
Info: RoleDescriptor:tester: 11 mini seconds publishing element
Info: WorkProductDescriptor:architecture_notebook: 12 mini seconds publishing element
Info: WorkProductDescriptor:build: 16 mini seconds publishing element
Info: WorkProductDescriptor:design: 15 mini seconds publishing element
Info: WorkProductDescriptor:supporting_requirements_spec: 11 mini seconds publishing element
Info: WorkProductDescriptor:use_case: 10 mini seconds publishing element
Info: Guideline:developer_testing: 12 mini seconds publishing element
Info: TermDefinition:code_instrumentation: 10 mini seconds publishing element
Info: Concept:collective_code_ownership: 9 mini seconds publishing element
Info: TaskDescriptor:implement_test_scripts: 24 mini seconds publishing element
Info: TaskDescriptor:integrate_and_create_build: 15 mini seconds publishing element
Info: TaskDescriptor:run_tests: 24 mini seconds publishing element
Info: RoleDescriptor:analyst: 11 mini seconds publishing element
Info: RoleDescriptor:developer: 10 mini seconds publishing element
Info: RoleDescriptor:stakeholder: 9 mini seconds publishing element
Info: RoleDescriptor:tester: 11 mini seconds publishing element
Info: WorkProductDescriptor:build: 10 mini seconds publishing element
Info: WorkProductDescriptor:developer_test: 9 mini seconds publishing element
Info: WorkProductDescriptor:implementation: 9 mini seconds publishing element
Info: WorkProductDescriptor:supporting_requirements_spec: 9 mini seconds publishing element
Info: WorkProductDescriptor:test_case: 10 mini seconds publishing element
Info: WorkProductDescriptor:test_log: 9 mini seconds publishing element
Info: WorkProductDescriptor:test_script: 12 mini seconds publishing element
Info: WorkProductDescriptor:work_items_list: 9 mini seconds publishing element
Info: TaskDescriptor:plan_iteration: 15 mini seconds publishing element
Info: TaskDescriptor:manage_iteration: 16 mini seconds publishing element
Info: TaskDescriptor:assess_results: 17 mini seconds publishing element
Info: RoleDescriptor:analyst: 10 mini seconds publishing element
Info: RoleDescriptor:any_role: 9 mini seconds publishing element
Info: RoleDescriptor:architect: 14 mini seconds publishing element
Info: RoleDescriptor:developer: 10 mini seconds publishing element
Info: RoleDescriptor:project_manager: 15 mini seconds publishing element
Info: RoleDescriptor:stakeholder: 13 mini seconds publishing element
Info: RoleDescriptor:tester: 14 mini seconds publishing element
Info: WorkProductDescriptor:architecture_notebook: 13 mini seconds publishing element
Info: WorkProductDescriptor:iteration_plan: 18 mini seconds publishing element
Info: WorkProductDescriptor:project_plan: 17 mini seconds publishing element
Info: WorkProductDescriptor:risk_list: 18 mini seconds publishing element
Info: WorkProductDescriptor:test_log: 9 mini seconds publishing element
Info: WorkProductDescriptor:vision: 10 mini seconds publishing element
Info: WorkProductDescriptor:work_items_list: 13 mini seconds publishing element
Info: Guideline:iteration_assessment: 11 mini seconds publishing element
Info: Template:risk_list: 15 mini seconds publishing element
Info: Report:project_burndown: 21 mini seconds publishing element
Info: TermDefinition:work_item: 13 mini seconds publishing element
Info: TermDefinition:version: 15 mini seconds publishing element
Info: TermDefinition:configuration: 9 mini seconds publishing element
Info: Report:iteration_burndown: 12 mini seconds publishing element
Info: TermDefinition:domain: 7 mini seconds publishing element
Info: WorkProductType:specification: 12 mini seconds publishing element
Info: Template:architecture_notebook: 13 mini seconds publishing element
Info: WorkProductType:solution: 7 mini seconds publishing element
Info: Template:design: 8 mini seconds publishing element
Info: WorkProductType:plan: 8 mini seconds publishing element
Info: Template:iteration_plan: 12 mini seconds publishing element
Info: Example:iteration_plan: 16 mini seconds publishing element
Info: Template:project_plan: 13 mini seconds publishing element
Info: Example:project_plan: 14 mini seconds publishing element
Info: WorkProductType:project_data: 10 mini seconds publishing element
Info: Template:work_items_list: 13 mini seconds publishing element
Info: Example:work_items_list: 12 mini seconds publishing element
Info: Template:supporting_requirements_spec: 14 mini seconds publishing element
Info: WorkProductType:concept: 8 mini seconds publishing element
Info: Template:vision: 13 mini seconds publishing element
Info: WorkProductType:model_element: 8 mini seconds publishing element
Info: WorkProductType:model: 9 mini seconds publishing element
Info: Template:test_case: 12 mini seconds publishing element
Info: Template:manual_test_script: 12 mini seconds publishing element
Info: CustomCategory:collab_commun_layer: 7 mini seconds publishing element
Info: CustomCategory:management_layer: 7 mini seconds publishing element
Info: CustomCategory:intent_layer: 8 mini seconds publishing element
Info: CustomCategory:solution_layer: 8 mini seconds publishing element
Info: TaskDescriptor:find_and_outline_requirements: 20 mini seconds publishing element
Info: TaskDescriptor:detail_requirements: 20 mini seconds publishing element
Info: TaskDescriptor:create_test_case: 15 mini seconds publishing element
Info: WorkProductDescriptor:glossary: 11 mini seconds publishing element
Info: WorkProductDescriptor:supporting_requirements_spec: 11 mini seconds publishing element
Info: WorkProductDescriptor:test_case: 9 mini seconds publishing element
Info: WorkProductDescriptor:use_case: 11 mini seconds publishing element
Info: WorkProductDescriptor:uc_model: 10 mini seconds publishing element
Info: RoleDescriptor:analyst: 13 mini seconds publishing element
Info: RoleDescriptor:architect: 11 mini seconds publishing element
Info: RoleDescriptor:developer: 16 mini seconds publishing element
Info: RoleDescriptor:stakeholder: 11 mini seconds publishing element
Info: RoleDescriptor:tester: 12 mini seconds publishing element
Info: WorkProductDescriptor:iteration_plan: 9 mini seconds publishing element
Info: WorkProductDescriptor:vision: 10 mini seconds publishing element
Info: WorkProductDescriptor:work_items_list: 9 mini seconds publishing element
Info: TermDefinition:model: 7 mini seconds publishing element
Info: TermDefinition:model_element: 7 mini seconds publishing element
Info: TermDefinition:document: 6 mini seconds publishing element
Info: TermDefinition:process: 8 mini seconds publishing element
Info: TermDefinition:uma: 6 mini seconds publishing element
Info: TermDefinition:method_content: 7 mini seconds publishing element
Info: TermDefinition:activity: 8 mini seconds publishing element
Info: TermDefinition:breakdown_structure: 9 mini seconds publishing element
Info: TermDefinition:view: 10 mini seconds publishing element
Info: TermDefinition:stakeholder_need: 10 mini seconds publishing element
Info: Example:project_burndown_report_example: 18 mini seconds publishing element
Info: Example:iteration_burndown_report_example: 13 mini seconds publishing element
Info: TermDefinition:view_element: 8 mini seconds publishing element
Info: TermDefinition:breakdown_element: 7 mini seconds publishing element
Info: TermDefinition:descriptor: 7 mini seconds publishing element
Info: : Publishing time: 0 minutes 16 seconds
