Warning: Domain:change_management: Empty content category element not published.
Warning: Activity:inception_phase_iteration: missing resource file './../../openup/capabilitypatterns/00_iteraci&oacute;n_comienzo_C2188B46.html'
Warning: Activity:inception_phase_iteration: missing resource file './../../openup/capabilitypatterns/00_iteraci&oacute;n_comienzo_C2188B46.html'
Warning: Activity:inception_phase_iteration: missing resource file './../../openup/capabilitypatterns/00_iteraci&oacute;n_comienzo_C2188B46.html'
Warning: Activity:inception_phase_iteration: missing resource file './../../openup/capabilitypatterns/00_iteraci&oacute;n_comienzo_C2188B46.html'
Warning: Activity:inception_phase_iteration: missing resource file './../../openup/capabilitypatterns/00_iteraci&oacute;n_comienzo_C2188B46.html'
Warning: Activity:initiate_project: missing resource file './../../openup/capabilitypatterns/00_iteraci&oacute;n_comienzo_C2188B46.html'
Warning: Activity:manage_iteration: missing resource file './../../openup/capabilitypatterns/00_iteraci&oacute;n_comienzo_C2188B46.html'
Warning: Activity:identify_and_refine_requirements: missing resource file './../../openup/capabilitypatterns/00_iteraci&oacute;n_comienzo_C2188B46.html'
Warning: Activity:agree_technical_approach: missing resource file './../../openup/capabilitypatterns/00_iteraci&oacute;n_comienzo_C2188B46.html'
Warning: Activity:elaboration_phase_iteration: missing resource file './../../openup/capabilitypatterns/01_iteraci&oacute;n_fase_de_elaboraci&oacute;n_97E7400D.html'
Warning: Activity:elaboration_phase_iteration: missing resource file './../../openup/capabilitypatterns/01_iteraci&oacute;n_fase_de_elaboraci&oacute;n_97E7400D.html'
Warning: Activity:elaboration_phase_iteration: missing resource file './../../openup/capabilitypatterns/01_iteraci&oacute;n_fase_de_elaboraci&oacute;n_97E7400D.html'
Warning: Activity:elaboration_phase_iteration: missing resource file './../../openup/capabilitypatterns/01_iteraci&oacute;n_fase_de_elaboraci&oacute;n_97E7400D.html'
Warning: Activity:elaboration_phase_iteration: missing resource file './../../openup/capabilitypatterns/01_iteraci&oacute;n_fase_de_elaboraci&oacute;n_97E7400D.html'
Warning: Activity:manage_iteration: missing resource file './../../openup/capabilitypatterns/01_iteraci&oacute;n_fase_de_elaboraci&oacute;n_97E7400D.html'
Warning: Activity:identify_and_refine_requirements: missing resource file './../../openup/capabilitypatterns/01_iteraci&oacute;n_fase_de_elaboraci&oacute;n_97E7400D.html'
Warning: Activity:develop_architecture: missing resource file './../../openup/capabilitypatterns/01_iteraci&oacute;n_fase_de_elaboraci&oacute;n_97E7400D.html'
Warning: Activity:develop_solution: missing resource file './../../openup/capabilitypatterns/01_iteraci&oacute;n_fase_de_elaboraci&oacute;n_97E7400D.html'
Warning: Activity:Test Solution: missing resource file './../../openup/capabilitypatterns/01_iteraci&oacute;n_fase_de_elaboraci&oacute;n_97E7400D.html'
Warning: Activity:ongoing_tasks: missing resource file './../../openup/capabilitypatterns/01_iteraci&oacute;n_fase_de_elaboraci&oacute;n_97E7400D.html'
Warning: Activity:construction_phase_iteration: missing resource file './../../openup/capabilitypatterns/02_iteraci&oacute;n_fase_de_construcci&oacute;n_FB82CA56.html'
Warning: Activity:construction_phase_iteration: missing resource file './../../openup/capabilitypatterns/02_iteraci&oacute;n_fase_de_construcci&oacute;n_FB82CA56.html'
Warning: Activity:construction_phase_iteration: missing resource file './../../openup/capabilitypatterns/02_iteraci&oacute;n_fase_de_construcci&oacute;n_FB82CA56.html'
Warning: Activity:construction_phase_iteration: missing resource file './../../openup/capabilitypatterns/02_iteraci&oacute;n_fase_de_construcci&oacute;n_FB82CA56.html'
Warning: Activity:construction_phase_iteration: missing resource file './../../openup/capabilitypatterns/02_iteraci&oacute;n_fase_de_construcci&oacute;n_FB82CA56.html'
Warning: Activity:manage_iteration: missing resource file './../../openup/capabilitypatterns/02_iteraci&oacute;n_fase_de_construcci&oacute;n_FB82CA56.html'
Warning: Activity:identify_and_refine_requirements: missing resource file './../../openup/capabilitypatterns/02_iteraci&oacute;n_fase_de_construcci&oacute;n_FB82CA56.html'
Warning: Activity:develop_solution: missing resource file './../../openup/capabilitypatterns/02_iteraci&oacute;n_fase_de_construcci&oacute;n_FB82CA56.html'
Warning: Activity:test_solution: missing resource file './../../openup/capabilitypatterns/02_iteraci&oacute;n_fase_de_construcci&oacute;n_FB82CA56.html'
Warning: Activity:ongoing_tasks: missing resource file './../../openup/capabilitypatterns/02_iteraci&oacute;n_fase_de_construcci&oacute;n_FB82CA56.html'
Warning: CapabilityPattern:00_iteración_comienzo: missing resource file './../../openup/capabilitypatterns/resources/00_iteraci&oacute;n_comienzo_C2188B46_Activity.jpeg'
Warning: CapabilityPattern:00_iteración_comienzo: missing resource file './../../openup/capabilitypatterns/resources/00_iteraci&oacute;n_comienzo_C2188B46_Activity.jpeg'
Warning: CapabilityPattern:01_iteración_fase_de_elaboración: missing resource file './../../openup/capabilitypatterns/resources/01_iteraci&oacute;n_fase_de_elaboraci&oacute;n_97E7400D_Activity.jpeg'
Warning: CapabilityPattern:01_iteración_fase_de_elaboración: missing resource file './../../openup/capabilitypatterns/resources/01_iteraci&oacute;n_fase_de_elaboraci&oacute;n_97E7400D_Activity.jpeg'
Warning: CapabilityPattern:02_iteración_fase_de_construcción: missing resource file './../../openup/capabilitypatterns/resources/02_iteraci&oacute;n_fase_de_construcci&oacute;n_FB82CA56_Activity.jpeg'
Warning: CapabilityPattern:02_iteración_fase_de_construcción: missing resource file './../../openup/capabilitypatterns/resources/02_iteraci&oacute;n_fase_de_construcci&oacute;n_FB82CA56_Activity.jpeg'
